<?xml version="1.0" encoding="UTF-8"?>
<!-- Generated by org.testng.reporters.JUnitXMLReporter -->
<testsuite ignored="0" hostname="DESKTOP-QBF8APR" failures="1" tests="2" name="Windows-Chrome" time="287.905" errors="0" timestamp="2024-09-16T18:21:32 IST">
  <testcase classname="testCases.TC006_PaymentPage" name="SearchPage" time="206.441"/>
  <testcase classname="testCases.TC007_EndtoEndTest" name="endToendTest" time="22.711">
    <failure type="org.openqa.selenium.ElementClickInterceptedException" message="element click intercepted: Element &amp;lt;a href=&amp;quot;http://demo.itlearn360.com/courses/software-testing-academy/&amp;quot; class=&amp;quot;btn btn-primary btn-lg&amp;quot;&amp;gt;...&amp;lt;/a&amp;gt; is not clickable at point (185, 605). Other element would receive the click: &amp;lt;a href=&amp;quot;tel:
...&amp;quot;&amp;gt;+1-800-543-5571&amp;lt;/a&amp;gt;
  (Session info: chrome=128.0.6613.138)
Build info: version: &amp;apos;4.20.0&amp;apos;, revision: &amp;apos;866c76ca80&amp;apos;
System info: os.name: &amp;apos;Windows 10&amp;apos;, os.arch: &amp;apos;amd64&amp;apos;, os.version: &amp;apos;10.0&amp;apos;, java.version: &amp;apos;17.0.4&amp;apos;
Driver info: org.openqa.selenium.chrome.ChromeDriver
Command: [7e402abbe04fa1bd5f9a1684f43ab502, clickElement {id=f.B1CA26B3543A70DC0A96DFD07D96D35C.d.90E2FC6E217CD3E31CCF2B826FA0E4E3.e.160}]
Capabilities {acceptInsecureCerts: false, browserName: chrome, browserVersion: 128.0.6613.138, chrome: {chromedriverVersion: 128.0.6613.137 (fe621c5aa2d..., userDataDir: C:\Users\ADMIN\AppData\Loca...}, fedcm:accounts: true, goog:chromeOptions: {debuggerAddress: localhost:65225}, networkConnectionEnabled: false, pageLoadStrategy: normal, platformName: windows, proxy: Proxy(), se:cdp: ws://localhost:65225/devtoo..., se:cdpVersion: 128.0.6613.138, setWindowRect: true, strictFileInteractability: false, timeouts: {implicit: 0, pageLoad: 300000, script: 30000}, unhandledPromptBehavior: dismiss and notify, webauthn:extension:credBlob: true, webauthn:extension:largeBlob: true, webauthn:extension:minPinLength: true, webauthn:extension:prf: true, webauthn:virtualAuthenticators: true}
Element: [[ChromeDriver: chrome on windows (7e402abbe04fa1bd5f9a1684f43ab502)] -&amp;gt; xpath: //a[normalize-space()=&amp;apos;View All Courses&amp;apos;]]
Session ID: 7e402abbe04fa1bd5f9a1684f43ab502">
      <![CDATA[org.openqa.selenium.ElementClickInterceptedException: element click intercepted: Element <a href="http://demo.itlearn360.com/courses/software-testing-academy/" class="btn btn-primary btn-lg">...</a> is not clickable at point (185, 605). Other element would receive the click: <a href="tel:
...">+1-800-543-5571</a>
  (Session info: chrome=128.0.6613.138)
Build info: version: '4.20.0', revision: '866c76ca80'
System info: os.name: 'Windows 10', os.arch: 'amd64', os.version: '10.0', java.version: '17.0.4'
Driver info: org.openqa.selenium.chrome.ChromeDriver
Command: [7e402abbe04fa1bd5f9a1684f43ab502, clickElement {id=f.B1CA26B3543A70DC0A96DFD07D96D35C.d.90E2FC6E217CD3E31CCF2B826FA0E4E3.e.160}]
Capabilities {acceptInsecureCerts: false, browserName: chrome, browserVersion: 128.0.6613.138, chrome: {chromedriverVersion: 128.0.6613.137 (fe621c5aa2d..., userDataDir: C:\Users\ADMIN\AppData\Loca...}, fedcm:accounts: true, goog:chromeOptions: {debuggerAddress: localhost:65225}, networkConnectionEnabled: false, pageLoadStrategy: normal, platformName: windows, proxy: Proxy(), se:cdp: ws://localhost:65225/devtoo..., se:cdpVersion: 128.0.6613.138, setWindowRect: true, strictFileInteractability: false, timeouts: {implicit: 0, pageLoad: 300000, script: 30000}, unhandledPromptBehavior: dismiss and notify, webauthn:extension:credBlob: true, webauthn:extension:largeBlob: true, webauthn:extension:minPinLength: true, webauthn:extension:prf: true, webauthn:virtualAuthenticators: true}
Element: [[ChromeDriver: chrome on windows (7e402abbe04fa1bd5f9a1684f43ab502)] -> xpath: //a[normalize-space()='View All Courses']]
Session ID: 7e402abbe04fa1bd5f9a1684f43ab502
at org.openqa.selenium.remote.ErrorCodec.decode(ErrorCodec.java:167)
at org.openqa.selenium.remote.codec.w3c.W3CHttpResponseCodec.decode(W3CHttpResponseCodec.java:138)
at org.openqa.selenium.remote.codec.w3c.W3CHttpResponseCodec.decode(W3CHttpResponseCodec.java:50)
at org.openqa.selenium.remote.HttpCommandExecutor.execute(HttpCommandExecutor.java:190)
at org.openqa.selenium.remote.service.DriverCommandExecutor.invokeExecute(DriverCommandExecutor.java:216)
at org.openqa.selenium.remote.service.DriverCommandExecutor.execute(DriverCommandExecutor.java:174)
at org.openqa.selenium.remote.RemoteWebDriver.execute(RemoteWebDriver.java:518)
at org.openqa.selenium.remote.RemoteWebElement.execute(RemoteWebElement.java:223)
at org.openqa.selenium.remote.RemoteWebElement.click(RemoteWebElement.java:76)
at org.openqa.selenium.support.pagefactory.internal.LocatingElementHandler.invoke(LocatingElementHandler.java:51)
at jdk.proxy2/jdk.proxy2.$Proxy30.click(Unknown Source)
at pageObjects.PaymentPage.clickAllCourse(PaymentPage.java:40)
at testCases.TC007_EndtoEndTest.endToendTest(TC007_EndtoEndTest.java:52)
at java.base/java.util.ArrayList.forEach(ArrayList.java:1511)
... Removed 36 stack frames]]>
    </failure>
  </testcase> <!-- endToendTest -->
</testsuite> <!-- Windows-Chrome -->
